** Drc report for digital-name-tag.kicad_pcb **
** Created on 2026-05-14T15:18:36-0500 **

** Found 28 DRC violations **
[clearance]: Clearance violation (netclass 'Default' clearance 0.2000 mm; actual 0.1810 mm)
    Rule: netclass 'Default'; error
    @(157.9890 mm, 90.6110 mm): Track [GPIO13] on F.Cu, length 1.8200 mm
    @(158.5800 mm, 92.0600 mm): Pad 2 [XIN] of C15 on F.Cu
[clearance]: Clearance violation (netclass 'Default' clearance 0.2000 mm; actual 0.1600 mm)
    Rule: netclass 'Default'; error
    @(157.4900 mm, 73.2900 mm): Pad 1 [Net-(R7-Pad1)] of R7 on F.Cu
    @(158.2900 mm, 73.2900 mm): Pad 1 [+3V3] of R6 on F.Cu
[courtyards_overlap]: Courtyards overlap
    Rule: board setup constraints courtyard; error
    @(157.4900 mm, 73.8000 mm): Footprint R7
    @(158.2900 mm, 73.8000 mm): Footprint R6
[courtyards_overlap]: Courtyards overlap
    Rule: board setup constraints courtyard; error
    @(163.1000 mm, 56.5000 mm): Footprint J1
    @(160.8000 mm, 62.2000 mm): Footprint R1
[copper_edge_clearance]: Board edge clearance violation (board setup constraints edge clearance 0.5000 mm; actual 0.3590 mm)
    Rule: board setup constraints edge; error
    @(152.6000 mm, 54.2000 mm): Rectangle on Edge.Cuts
    @(172.4668 mm, 79.5810 mm): Track [GPIO26_ADC0] on B.Cu, length 0.9535 mm
[copper_edge_clearance]: Board edge clearance violation (board setup constraints edge clearance 0.5000 mm; actual 0.3590 mm)
    Rule: board setup constraints edge; error
    @(152.6000 mm, 54.2000 mm): Rectangle on Edge.Cuts
    @(173.1410 mm, 78.9068 mm): Track [GPIO26_ADC0] on B.Cu, length 6.9458 mm
[copper_edge_clearance]: Board edge clearance violation (board setup constraints edge clearance 0.5000 mm; actual 0.3590 mm)
    Rule: board setup constraints edge; error
    @(152.6000 mm, 54.2000 mm): Rectangle on Edge.Cuts
    @(173.1410 mm, 71.9610 mm): Track [GPIO26_ADC0] on B.Cu, length 1.6278 mm
[copper_edge_clearance]: Board edge clearance violation (board setup constraints edge clearance 0.5000 mm; actual 0.4500 mm)
    Rule: board setup constraints edge; error
    @(152.6000 mm, 54.2000 mm): Rectangle on Edge.Cuts
    @(158.7800 mm, 55.4500 mm): PTH pad S1 [GND] of J1
[copper_edge_clearance]: Board edge clearance violation (board setup constraints edge clearance 0.5000 mm; actual 0.4500 mm)
    Rule: board setup constraints edge; error
    @(152.6000 mm, 54.2000 mm): Rectangle on Edge.Cuts
    @(167.4200 mm, 55.4500 mm): PTH pad S1 [GND] of J1
[drill_out_of_range]: Hole size out of range (board setup constraints min hole 0.3000 mm; actual 0.2000 mm)
    Rule: netclass 'Default'; error
    @(169.9630 mm, 78.3600 mm): Via [GPIO28_ADC2] on F.Cu - B.Cu
[drill_out_of_range]: Hole size out of range (board setup constraints min hole 0.3000 mm; actual 0.2000 mm)
    Rule: netclass 'Default'; error
    @(168.3131 mm, 81.7977 mm): Via [GPIO28_ADC2] on F.Cu - B.Cu
[starved_thermal]: Thermal relief connection to zone incomplete (layer F.Cu; zone min spoke count 2; actual 1)
    Local override; error
    @(152.6200 mm, 54.2100 mm): Zone [GND] on F.Cu and B.Cu, priority 0
    @(168.4000 mm, 66.5100 mm): Pad 2 [GND] of R9 on F.Cu
[starved_thermal]: Thermal relief connection to zone incomplete (layer B.Cu; zone min spoke count 2; actual 1)
    Local override; error
    @(152.6200 mm, 54.2100 mm): Zone [GND] on F.Cu and B.Cu, priority 0
    @(163.1000 mm, 103.5900 mm): PTH pad 2 [GND] of J4
[starved_thermal]: Thermal relief connection to zone incomplete (layer F.Cu; zone min spoke count 2; actual 1)
    Local override; error
    @(152.6200 mm, 54.2100 mm): Zone [GND] on F.Cu and B.Cu, priority 0
    @(165.5100 mm, 62.4000 mm): Pad 2 [GND] of R2 on F.Cu
[starved_thermal]: Thermal relief connection to zone incomplete (layer B.Cu; 2 spokes connected to isolated island)
    Local override; error
    @(152.6200 mm, 54.2100 mm): Zone [GND] on F.Cu and B.Cu, priority 0
    @(154.2100 mm, 98.7500 mm): PTH pad 18 [GND] of J2
[starved_thermal]: Thermal relief connection to zone incomplete (layer F.Cu; zone min spoke count 2; actual 1)
    Local override; error
    @(152.6200 mm, 54.2100 mm): Zone [GND] on F.Cu and B.Cu, priority 0
    @(163.8200 mm, 90.0800 mm): Pad 2 [GND] of C3 on F.Cu
[starved_thermal]: Thermal relief connection to zone incomplete (layer F.Cu; zone min spoke count 2; actual 1)
    Local override; error
    @(152.6200 mm, 54.2100 mm): Zone [GND] on F.Cu and B.Cu, priority 0
    @(168.9200 mm, 84.3800 mm): Pad 2 [GND] of C12 on F.Cu
[starved_thermal]: Thermal relief connection to zone incomplete (layer F.Cu; zone min spoke count 2; actual 1)
    Local override; error
    @(152.6200 mm, 54.2100 mm): Zone [GND] on F.Cu and B.Cu, priority 0
    @(168.7700 mm, 78.2800 mm): Pad 2 [GND] of C4 on F.Cu
[starved_thermal]: Thermal relief connection to zone incomplete (layer F.Cu; zone min spoke count 2; actual 1)
    Local override; error
    @(152.6200 mm, 54.2100 mm): Zone [GND] on F.Cu and B.Cu, priority 0
    @(162.3000 mm, 71.1500 mm): Pad 1 [GND] of SW1 on F.Cu
[starved_thermal]: Thermal relief connection to zone incomplete (layer F.Cu; zone min spoke count 2; actual 1)
    Local override; error
    @(152.6200 mm, 54.2100 mm): Zone [GND] on F.Cu and B.Cu, priority 0
    @(167.4200 mm, 59.6300 mm): PTH pad S1 [GND] of J1
[starved_thermal]: Thermal relief connection to zone incomplete (layer F.Cu; zone min spoke count 2; actual 1)
    Local override; error
    @(152.6200 mm, 54.2100 mm): Zone [GND] on F.Cu and B.Cu, priority 0
    @(159.8500 mm, 60.5450 mm): Pad B1 [GND] of J1 on F.Cu
[starved_thermal]: Thermal relief connection to zone incomplete (layer F.Cu; zone min spoke count 2; actual 1)
    Local override; error
    @(152.6200 mm, 54.2100 mm): Zone [GND] on F.Cu and B.Cu, priority 0
    @(159.8500 mm, 60.5450 mm): Pad A12 [GND] of J1 on F.Cu
[starved_thermal]: Thermal relief connection to zone incomplete (layer F.Cu; 2 spokes connected to isolated island)
    Local override; error
    @(152.6200 mm, 54.2100 mm): Zone [GND] on F.Cu and B.Cu, priority 0
    @(171.9900 mm, 60.6500 mm): PTH pad 3 [GND] of J3
[starved_thermal]: Thermal relief connection to zone incomplete (layer F.Cu; 2 spokes connected to isolated island)
    Local override; error
    @(152.6200 mm, 54.2100 mm): Zone [GND] on F.Cu and B.Cu, priority 0
    @(171.9900 mm, 86.0500 mm): PTH pad 13 [GND] of J3
[starved_thermal]: Thermal relief connection to zone incomplete (layer F.Cu; 2 spokes connected to isolated island)
    Local override; error
    @(152.6200 mm, 54.2100 mm): Zone [GND] on F.Cu and B.Cu, priority 0
    @(171.9900 mm, 98.7500 mm): PTH pad 18 [GND] of J3
[starved_thermal]: Thermal relief connection to zone incomplete (layer F.Cu; zone min spoke count 2; actual 1)
    Local override; error
    @(152.6200 mm, 54.2100 mm): Zone [GND] on F.Cu and B.Cu, priority 0
    @(161.9750 mm, 64.2000 mm): Pad 2 [GND] of C13 on F.Cu
[via_diameter]: Via diameter (board setup constraints min diameter 0.5000 mm; actual 0.4500 mm)
    Rule: netclass 'Default'; error
    @(169.9630 mm, 78.3600 mm): Via [GPIO28_ADC2] on F.Cu - B.Cu
[via_diameter]: Via diameter (board setup constraints min diameter 0.5000 mm; actual 0.4500 mm)
    Rule: netclass 'Default'; error
    @(168.3131 mm, 81.7977 mm): Via [GPIO28_ADC2] on F.Cu - B.Cu

** Found 18 unconnected pads **
[unconnected_items]: Missing connection between items
    Local override; error
    @(154.2100 mm, 73.3500 mm): PTH pad 8 [GND] of J2
    @(159.0900 mm, 75.9000 mm): Pad 4 [GND] of U3 on F.Cu
[unconnected_items]: Missing connection between items
    Local override; error
    @(158.5800 mm, 91.1000 mm): Pad 1 [GND] of C15 on F.Cu
    @(160.1000 mm, 90.7500 mm): Pad 2 [GND] of Y1 on F.Cu
[unconnected_items]: Missing connection between items
    Local override; error
    @(152.6200 mm, 54.2100 mm): Zone [GND] on F.Cu and B.Cu, priority 0
    @(160.1000 mm, 90.7500 mm): Pad 2 [GND] of Y1 on F.Cu
[unconnected_items]: Missing connection between items
    Local override; error
    @(160.2900 mm, 62.2000 mm): Pad 2 [GND] of R1 on F.Cu
    @(152.6200 mm, 54.2100 mm): Zone [GND] on F.Cu and B.Cu, priority 0
[unconnected_items]: Missing connection between items
    Local override; error
    @(160.2900 mm, 62.2000 mm): Pad 2 [GND] of R1 on F.Cu
    @(152.6200 mm, 54.2100 mm): Zone [GND] on F.Cu and B.Cu, priority 0
[unconnected_items]: Missing connection between items
    Local override; error
    @(161.1200 mm, 73.6000 mm): Pad 2 [GND] of C17 on F.Cu
    @(152.6200 mm, 54.2100 mm): Zone [GND] on F.Cu and B.Cu, priority 0
[unconnected_items]: Missing connection between items
    Local override; error
    @(161.1200 mm, 73.6000 mm): Pad 2 [GND] of C17 on F.Cu
    @(159.0900 mm, 75.9000 mm): Pad 4 [GND] of U3 on F.Cu
[unconnected_items]: Missing connection between items
    Local override; error
    @(152.6200 mm, 54.2100 mm): Zone [GND] on F.Cu and B.Cu, priority 0
    @(152.6200 mm, 54.2100 mm): Zone [GND] on F.Cu and B.Cu, priority 0
[unconnected_items]: Missing connection between items
    Local override; error
    @(162.3000 mm, 71.1500 mm): Pad 1 [GND] of SW1 on F.Cu
    @(152.6200 mm, 54.2100 mm): Zone [GND] on F.Cu and B.Cu, priority 0
[unconnected_items]: Missing connection between items
    Local override; error
    @(152.6200 mm, 54.2100 mm): Zone [GND] on F.Cu and B.Cu, priority 0
    @(152.6200 mm, 54.2100 mm): Zone [GND] on F.Cu and B.Cu, priority 0
[unconnected_items]: Missing connection between items
    Local override; error
    @(165.5100 mm, 62.4000 mm): Pad 2 [GND] of R2 on F.Cu
    @(166.3500 mm, 60.5450 mm): Pad B12 [GND] of J1 on F.Cu
[unconnected_items]: Missing connection between items
    Local override; error
    @(166.3500 mm, 60.5450 mm): Pad B12 [GND] of J1 on F.Cu
    @(167.4200 mm, 59.6300 mm): PTH pad S1 [GND] of J1
[unconnected_items]: Missing connection between items
    Local override; error
    @(168.8800 mm, 81.1200 mm): Track [GND] on F.Cu, length 0.9200 mm
    @(168.9200 mm, 84.3800 mm): Pad 2 [GND] of C12 on F.Cu
[unconnected_items]: Missing connection between items
    Local override; error
    @(167.9806 mm, 79.0994 mm): Track [+3V3] on F.Cu, length 0.2554 mm
    @(168.7700 mm, 79.2400 mm): Pad 1 [+3V3] of C4 on F.Cu
[unconnected_items]: Missing connection between items
    Local override; error
    @(159.6625 mm, 81.1000 mm): Pad 1 [+1V1] of U1 on F.Cu
    @(159.6625 mm, 84.7000 mm): Pad 10 [+1V1] of U1 on F.Cu
[unconnected_items]: Missing connection between items
    Local override; error
    @(163.3000 mm, 80.2625 mm): Track [+1V1] on F.Cu, length 0.4000 mm
    @(159.6625 mm, 81.1000 mm): Pad 1 [+1V1] of U1 on F.Cu
[unconnected_items]: Missing connection between items
    Local override; error
    @(166.5375 mm, 84.7000 mm): Pad 33 [+1V1] of U1 on F.Cu
    @(163.3000 mm, 87.1375 mm): Pad 22 [+1V1] of U1 on F.Cu
[unconnected_items]: Missing connection between items
    Local override; error
    @(167.9600 mm, 84.3800 mm): Track [+1V1] on F.Cu, length 0.4525 mm
    @(167.9200 mm, 81.2000 mm): Track [+1V1] on F.Cu, length 1.0000 mm

** Found 0 Footprint errors **

** End of Report **
